<?xml version="1.0" encoding="UTF-8"?>
<!-- Generated by org.testng.reporters.JUnitXMLReporter -->
<testsuite ignored="0" hostname="LAPTOP-BIM2FR3V" failures="0" tests="3" name="Test" time="25.289" errors="0" timestamp="2024-05-21T10:07:59 IST">
  <testcase classname="Scenarios.DynamicDataHandling" name="calc" time="6.708"/>
  <testcase classname="Scenarios.Switching" name="switchWin" time="11.732"/>
  <testcase classname="Scenarios.MouseHover" name="dragAndDrop" time="6.786"/>
</testsuite> <!-- Test -->
