<?xml version="1.0" encoding="UTF-8"?>
<!-- Generated by org.testng.reporters.JUnitXMLReporter -->
<testsuite ignored="0" hostname="LAPTOP-BIM2FR3V" failures="0" tests="3" name="Test" time="24.064" errors="0" timestamp="2024-05-23T09:38:55 IST">
  <testcase classname="Scenarios.DynamicDataHandling" name="calc" time="7.597"/>
  <testcase classname="Scenarios.Switching" name="switchWin" time="11.369"/>
  <testcase classname="Scenarios.MouseHover" name="dragAndDrop" time="5.018"/>
</testsuite> <!-- Test -->
