<?xml version="1.0" encoding="UTF-8"?>
<testng-results ignored="0" total="3" passed="3" failed="0" skipped="0">
  <reporter-output>
  </reporter-output>
  <suite started-at="2024-05-23T09:38:31 IST" name="Suite" finished-at="2024-05-23T09:38:55 IST" duration-ms="24064">
    <groups>
    </groups>
    <test started-at="2024-05-23T09:38:31 IST" name="Test" finished-at="2024-05-23T09:38:55 IST" duration-ms="24064">
      <class name="Scenarios.DynamicDataHandling">
        <test-method signature="calc()[pri:0, instance:Scenarios.DynamicDataHandling@71b1176b]" started-at="2024-05-23T09:38:31 IST" name="calc" finished-at="2024-05-23T09:38:38 IST" duration-ms="7597" status="PASS">
          <reporter-output>
          </reporter-output>
        </test-method> <!-- calc -->
      </class> <!-- Scenarios.DynamicDataHandling -->
      <class name="Scenarios.Switching">
        <test-method signature="switchWin()[pri:0, instance:Scenarios.Switching@7c469c48]" started-at="2024-05-23T09:38:38 IST" name="switchWin" finished-at="2024-05-23T09:38:50 IST" duration-ms="11369" status="PASS">
          <reporter-output>
          </reporter-output>
        </test-method> <!-- switchWin -->
      </class> <!-- Scenarios.Switching -->
      <class name="Scenarios.MouseHover">
        <test-method signature="dragAndDrop()[pri:0, instance:Scenarios.MouseHover@12e61fe6]" started-at="2024-05-23T09:38:50 IST" name="dragAndDrop" finished-at="2024-05-23T09:38:55 IST" duration-ms="5018" status="PASS">
          <reporter-output>
          </reporter-output>
        </test-method> <!-- dragAndDrop -->
      </class> <!-- Scenarios.MouseHover -->
    </test> <!-- Test -->
  </suite> <!-- Suite -->
</testng-results>
