<?xml version="1.0" encoding="UTF-8"?>
<testng-results ignored="0" total="3" passed="3" failed="0" skipped="0">
  <reporter-output>
  </reporter-output>
  <suite started-at="2024-05-21T10:07:34 IST" name="Suite" finished-at="2024-05-21T10:07:59 IST" duration-ms="25289">
    <groups>
    </groups>
    <test started-at="2024-05-21T10:07:34 IST" name="Test" finished-at="2024-05-21T10:07:59 IST" duration-ms="25289">
      <class name="Scenarios.DynamicDataHandling">
        <test-method signature="calc()[pri:0, instance:Scenarios.DynamicDataHandling@647e447]" started-at="2024-05-21T10:07:34 IST" name="calc" finished-at="2024-05-21T10:07:41 IST" duration-ms="6708" status="PASS">
          <reporter-output>
          </reporter-output>
        </test-method> <!-- calc -->
      </class> <!-- Scenarios.DynamicDataHandling -->
      <class name="Scenarios.Switching">
        <test-method signature="switchWin()[pri:0, instance:Scenarios.Switching@2ef3eef9]" started-at="2024-05-21T10:07:41 IST" name="switchWin" finished-at="2024-05-21T10:07:52 IST" duration-ms="11732" status="PASS">
          <reporter-output>
          </reporter-output>
        </test-method> <!-- switchWin -->
      </class> <!-- Scenarios.Switching -->
      <class name="Scenarios.MouseHover">
        <test-method signature="dragAndDrop()[pri:0, instance:Scenarios.MouseHover@243c4f91]" started-at="2024-05-21T10:07:52 IST" name="dragAndDrop" finished-at="2024-05-21T10:07:59 IST" duration-ms="6786" status="PASS">
          <reporter-output>
          </reporter-output>
        </test-method> <!-- dragAndDrop -->
      </class> <!-- Scenarios.MouseHover -->
    </test> <!-- Test -->
  </suite> <!-- Suite -->
</testng-results>
